<?xml version="1.0" encoding="utf-8"?><testsuites><testsuite name="pytest" errors="1" failures="0" skipped="0" tests="1" time="0.065" timestamp="2021-04-04T19:38:51.620664" hostname="jor-win10-dsktp"><testcase classname="" name="src.discord_cage_bot_test" time="0.000"><error message="collection failure">ImportError while importing test module '/mnt/c/Users/jorsa/Projects/Cage Bot/src/discord_cage_bot_test.py'.
Hint: make sure your test modules/packages have valid Python names.
Traceback:
/usr/lib/python3.8/importlib/__init__.py:127: in import_module
    return _bootstrap._gcd_import(name[level:], package, level)
src/discord_cage_bot_test.py:1: in &lt;module&gt;
    from .discord_cage_bot import cage_related_message
E   ImportError: attempted relative import with no known parent package</error></testcase></testsuite></testsuites>